
*** Running vivado
    with args -log cordic_0.vds -m64 -product Vivado -mode batch -messageDb vivado.pb -notrace -source cordic_0.tcl


****** Vivado v2018.2 (64-bit)
  **** SW Build 2258646 on Thu Jun 14 20:03:12 MDT 2018
  **** IP Build 2256618 on Thu Jun 14 22:10:49 MDT 2018
    ** Copyright 1986-2018 Xilinx, Inc. All Rights Reserved.

source cordic_0.tcl -notrace
Command: synth_design -top cordic_0 -part xc7z020clg400-1 -mode out_of_context
Starting synth_design
Attempting to get a license for feature 'Synthesis' and/or device 'xc7z020'
INFO: [Common 17-349] Got license for feature 'Synthesis' and/or device 'xc7z020'
INFO: Launching helper process for spawning children vivado processes
INFO: Helper process launched with PID 5744 
---------------------------------------------------------------------------------
Starting RTL Elaboration : Time (s): cpu = 00:00:04 ; elapsed = 00:00:05 . Memory (MB): peak = 445.016 ; gain = 93.566
---------------------------------------------------------------------------------
INFO: [Synth 8-638] synthesizing module 'cordic_0' [e:/vivadoPrj/2018.2/NCSSK/NCSSK.srcs/sources_1/ip/cordic_0/synth/cordic_0.vhd:68]
	Parameter C_ARCHITECTURE bound to: 2 - type: integer 
	Parameter C_CORDIC_FUNCTION bound to: 3 - type: integer 
	Parameter C_COARSE_ROTATE bound to: 1 - type: integer 
	Parameter C_DATA_FORMAT bound to: 0 - type: integer 
	Parameter C_XDEVICEFAMILY bound to: zynq - type: string 
	Parameter C_HAS_ACLKEN bound to: 0 - type: integer 
	Parameter C_HAS_ACLK bound to: 0 - type: integer 
	Parameter C_HAS_S_AXIS_CARTESIAN bound to: 1 - type: integer 
	Parameter C_HAS_S_AXIS_PHASE bound to: 0 - type: integer 
	Parameter C_HAS_ARESETN bound to: 0 - type: integer 
	Parameter C_INPUT_WIDTH bound to: 22 - type: integer 
	Parameter C_ITERATIONS bound to: 0 - type: integer 
	Parameter C_OUTPUT_WIDTH bound to: 24 - type: integer 
	Parameter C_PHASE_FORMAT bound to: 1 - type: integer 
	Parameter C_PIPELINE_MODE bound to: 0 - type: integer 
	Parameter C_PRECISION bound to: 0 - type: integer 
	Parameter C_ROUND_MODE bound to: 3 - type: integer 
	Parameter C_SCALE_COMP bound to: 0 - type: integer 
	Parameter C_THROTTLE_SCHEME bound to: 3 - type: integer 
	Parameter C_TLAST_RESOLUTION bound to: 0 - type: integer 
	Parameter C_HAS_S_AXIS_PHASE_TUSER bound to: 0 - type: integer 
	Parameter C_HAS_S_AXIS_PHASE_TLAST bound to: 0 - type: integer 
	Parameter C_S_AXIS_PHASE_TDATA_WIDTH bound to: 24 - type: integer 
	Parameter C_S_AXIS_PHASE_TUSER_WIDTH bound to: 1 - type: integer 
	Parameter C_HAS_S_AXIS_CARTESIAN_TUSER bound to: 0 - type: integer 
	Parameter C_HAS_S_AXIS_CARTESIAN_TLAST bound to: 0 - type: integer 
	Parameter C_S_AXIS_CARTESIAN_TDATA_WIDTH bound to: 48 - type: integer 
	Parameter C_S_AXIS_CARTESIAN_TUSER_WIDTH bound to: 1 - type: integer 
	Parameter C_M_AXIS_DOUT_TDATA_WIDTH bound to: 24 - type: integer 
	Parameter C_M_AXIS_DOUT_TUSER_WIDTH bound to: 1 - type: integer 
INFO: [Synth 8-3491] module 'cordic_v6_0_14' declared at 'e:/vivadoPrj/2018.2/NCSSK/NCSSK.srcs/sources_1/ip/cordic_0/hdl/cordic_v6_0_vh_rfs.vhd:10135' bound to instance 'U0' of component 'cordic_v6_0_14' [e:/vivadoPrj/2018.2/NCSSK/NCSSK.srcs/sources_1/ip/cordic_0/synth/cordic_0.vhd:141]
INFO: [Synth 8-256] done synthesizing module 'cordic_0' (20#1) [e:/vivadoPrj/2018.2/NCSSK/NCSSK.srcs/sources_1/ip/cordic_0/synth/cordic_0.vhd:68]
WARNING: [Synth 8-3331] design delay_bit has unconnected port WE
WARNING: [Synth 8-3331] design delay_bit has unconnected port CE
WARNING: [Synth 8-3331] design delay_bit has unconnected port SCLR
WARNING: [Synth 8-3331] design delay_bit has unconnected port CLK
WARNING: [Synth 8-3331] design c_addsub_v12_0_12_lut6_legacy__parameterized3 has unconnected port clk
WARNING: [Synth 8-3331] design c_addsub_v12_0_12_lut6_legacy__parameterized3 has unconnected port c_in
WARNING: [Synth 8-3331] design c_addsub_v12_0_12_lut6_legacy__parameterized3 has unconnected port ce
WARNING: [Synth 8-3331] design c_addsub_v12_0_12_lut6_legacy__parameterized3 has unconnected port bypass
WARNING: [Synth 8-3331] design c_addsub_v12_0_12_lut6_legacy__parameterized3 has unconnected port aclr
WARNING: [Synth 8-3331] design c_addsub_v12_0_12_lut6_legacy__parameterized3 has unconnected port aset
WARNING: [Synth 8-3331] design c_addsub_v12_0_12_lut6_legacy__parameterized3 has unconnected port ainit
WARNING: [Synth 8-3331] design c_addsub_v12_0_12_lut6_legacy__parameterized3 has unconnected port sclr
WARNING: [Synth 8-3331] design c_addsub_v12_0_12_lut6_legacy__parameterized3 has unconnected port sset
WARNING: [Synth 8-3331] design c_addsub_v12_0_12_lut6_legacy__parameterized3 has unconnected port sinit
WARNING: [Synth 8-3331] design c_addsub_v12_0_12_legacy__parameterized3 has unconnected port c_in
WARNING: [Synth 8-3331] design c_addsub_v12_0_12_legacy__parameterized3 has unconnected port b_in
WARNING: [Synth 8-3331] design c_addsub_v12_0_12_legacy__parameterized3 has unconnected port a_signed
WARNING: [Synth 8-3331] design c_addsub_v12_0_12_legacy__parameterized3 has unconnected port b_signed
WARNING: [Synth 8-3331] design c_addsub_v12_0_12_viv__parameterized3 has unconnected port C_IN
WARNING: [Synth 8-3331] design delay has unconnected port WE
WARNING: [Synth 8-3331] design delay has unconnected port CE
WARNING: [Synth 8-3331] design delay has unconnected port SCLR
WARNING: [Synth 8-3331] design delay has unconnected port CLK
WARNING: [Synth 8-3331] design c_addsub_v12_0_12_lut6_legacy__parameterized5 has unconnected port clk
WARNING: [Synth 8-3331] design c_addsub_v12_0_12_lut6_legacy__parameterized5 has unconnected port add
WARNING: [Synth 8-3331] design c_addsub_v12_0_12_lut6_legacy__parameterized5 has unconnected port ce
WARNING: [Synth 8-3331] design c_addsub_v12_0_12_lut6_legacy__parameterized5 has unconnected port bypass
WARNING: [Synth 8-3331] design c_addsub_v12_0_12_lut6_legacy__parameterized5 has unconnected port aclr
WARNING: [Synth 8-3331] design c_addsub_v12_0_12_lut6_legacy__parameterized5 has unconnected port aset
WARNING: [Synth 8-3331] design c_addsub_v12_0_12_lut6_legacy__parameterized5 has unconnected port ainit
WARNING: [Synth 8-3331] design c_addsub_v12_0_12_lut6_legacy__parameterized5 has unconnected port sclr
WARNING: [Synth 8-3331] design c_addsub_v12_0_12_lut6_legacy__parameterized5 has unconnected port sset
WARNING: [Synth 8-3331] design c_addsub_v12_0_12_lut6_legacy__parameterized5 has unconnected port sinit
WARNING: [Synth 8-3331] design c_addsub_v12_0_12_legacy__parameterized5 has unconnected port b_in
WARNING: [Synth 8-3331] design c_addsub_v12_0_12_legacy__parameterized5 has unconnected port a_signed
WARNING: [Synth 8-3331] design c_addsub_v12_0_12_legacy__parameterized5 has unconnected port b_signed
WARNING: [Synth 8-3331] design cordic_out_config has unconnected port data_x_in[28]
WARNING: [Synth 8-3331] design cordic_out_config has unconnected port data_x_in[27]
WARNING: [Synth 8-3331] design cordic_out_config has unconnected port data_x_in[26]
WARNING: [Synth 8-3331] design cordic_out_config has unconnected port data_x_in[25]
WARNING: [Synth 8-3331] design cordic_out_config has unconnected port data_x_in[24]
WARNING: [Synth 8-3331] design cordic_out_config has unconnected port data_x_in[23]
WARNING: [Synth 8-3331] design cordic_out_config has unconnected port data_x_in[22]
WARNING: [Synth 8-3331] design cordic_out_config has unconnected port data_x_in[21]
WARNING: [Synth 8-3331] design cordic_out_config has unconnected port data_x_in[20]
WARNING: [Synth 8-3331] design cordic_out_config has unconnected port data_x_in[19]
WARNING: [Synth 8-3331] design cordic_out_config has unconnected port data_x_in[18]
WARNING: [Synth 8-3331] design cordic_out_config has unconnected port data_x_in[17]
WARNING: [Synth 8-3331] design cordic_out_config has unconnected port data_x_in[16]
WARNING: [Synth 8-3331] design cordic_out_config has unconnected port data_x_in[15]
WARNING: [Synth 8-3331] design cordic_out_config has unconnected port data_x_in[14]
WARNING: [Synth 8-3331] design cordic_out_config has unconnected port data_x_in[13]
WARNING: [Synth 8-3331] design cordic_out_config has unconnected port data_x_in[12]
WARNING: [Synth 8-3331] design cordic_out_config has unconnected port data_x_in[11]
WARNING: [Synth 8-3331] design cordic_out_config has unconnected port data_x_in[10]
WARNING: [Synth 8-3331] design cordic_out_config has unconnected port data_x_in[9]
WARNING: [Synth 8-3331] design cordic_out_config has unconnected port data_x_in[8]
WARNING: [Synth 8-3331] design cordic_out_config has unconnected port data_x_in[7]
WARNING: [Synth 8-3331] design cordic_out_config has unconnected port data_x_in[6]
WARNING: [Synth 8-3331] design cordic_out_config has unconnected port data_x_in[5]
WARNING: [Synth 8-3331] design cordic_out_config has unconnected port data_x_in[4]
WARNING: [Synth 8-3331] design cordic_out_config has unconnected port data_x_in[3]
WARNING: [Synth 8-3331] design cordic_out_config has unconnected port data_x_in[2]
WARNING: [Synth 8-3331] design cordic_out_config has unconnected port data_x_in[1]
WARNING: [Synth 8-3331] design cordic_out_config has unconnected port data_x_in[0]
WARNING: [Synth 8-3331] design cordic_out_config has unconnected port data_y_in[28]
WARNING: [Synth 8-3331] design cordic_out_config has unconnected port data_y_in[27]
WARNING: [Synth 8-3331] design cordic_out_config has unconnected port data_y_in[26]
WARNING: [Synth 8-3331] design cordic_out_config has unconnected port data_y_in[25]
WARNING: [Synth 8-3331] design cordic_out_config has unconnected port data_y_in[24]
WARNING: [Synth 8-3331] design cordic_out_config has unconnected port data_y_in[23]
WARNING: [Synth 8-3331] design cordic_out_config has unconnected port data_y_in[22]
WARNING: [Synth 8-3331] design cordic_out_config has unconnected port data_y_in[21]
WARNING: [Synth 8-3331] design cordic_out_config has unconnected port data_y_in[20]
WARNING: [Synth 8-3331] design cordic_out_config has unconnected port data_y_in[19]
WARNING: [Synth 8-3331] design cordic_out_config has unconnected port data_y_in[18]
WARNING: [Synth 8-3331] design cordic_out_config has unconnected port data_y_in[17]
WARNING: [Synth 8-3331] design cordic_out_config has unconnected port data_y_in[16]
WARNING: [Synth 8-3331] design cordic_out_config has unconnected port data_y_in[15]
WARNING: [Synth 8-3331] design cordic_out_config has unconnected port data_y_in[14]
WARNING: [Synth 8-3331] design cordic_out_config has unconnected port data_y_in[13]
WARNING: [Synth 8-3331] design cordic_out_config has unconnected port data_y_in[12]
WARNING: [Synth 8-3331] design cordic_out_config has unconnected port data_y_in[11]
WARNING: [Synth 8-3331] design cordic_out_config has unconnected port data_y_in[10]
WARNING: [Synth 8-3331] design cordic_out_config has unconnected port data_y_in[9]
WARNING: [Synth 8-3331] design cordic_out_config has unconnected port data_y_in[8]
WARNING: [Synth 8-3331] design cordic_out_config has unconnected port data_y_in[7]
WARNING: [Synth 8-3331] design cordic_out_config has unconnected port data_y_in[6]
WARNING: [Synth 8-3331] design cordic_out_config has unconnected port data_y_in[5]
WARNING: [Synth 8-3331] design cordic_out_config has unconnected port data_y_in[4]
WARNING: [Synth 8-3331] design cordic_out_config has unconnected port data_y_in[3]
WARNING: [Synth 8-3331] design cordic_out_config has unconnected port data_y_in[2]
WARNING: [Synth 8-3331] design cordic_out_config has unconnected port data_y_in[1]
WARNING: [Synth 8-3331] design cordic_out_config has unconnected port data_y_in[0]
WARNING: [Synth 8-3331] design cordic_out_config has unconnected port aclr
WARNING: [Synth 8-3331] design delay__parameterized4 has unconnected port WE
WARNING: [Synth 8-3331] design delay__parameterized4 has unconnected port CE
WARNING: [Synth 8-3331] design delay__parameterized4 has unconnected port SCLR
WARNING: [Synth 8-3331] design delay__parameterized4 has unconnected port CLK
WARNING: [Synth 8-3331] design cordic_ctrl_slice_par has unconnected port aclr
INFO: [Common 17-14] Message 'Synth 8-3331' appears 100 times and further instances of the messages will be disabled. Use the Tcl command set_msg_config to change the current settings.
---------------------------------------------------------------------------------
Finished RTL Elaboration : Time (s): cpu = 00:00:30 ; elapsed = 00:00:31 . Memory (MB): peak = 557.047 ; gain = 205.598
---------------------------------------------------------------------------------

Report Check Netlist: 
+------+------------------+-------+---------+-------+------------------+
|      |Item              |Errors |Warnings |Status |Description       |
+------+------------------+-------+---------+-------+------------------+
|1     |multi_driven_nets |      0|        0|Passed |Multi driven nets |
+------+------------------+-------+---------+-------+------------------+
---------------------------------------------------------------------------------
Start Handling Custom Attributes
---------------------------------------------------------------------------------
---------------------------------------------------------------------------------
Finished Handling Custom Attributes : Time (s): cpu = 00:00:30 ; elapsed = 00:00:31 . Memory (MB): peak = 557.047 ; gain = 205.598
---------------------------------------------------------------------------------
---------------------------------------------------------------------------------
Finished RTL Optimization Phase 1 : Time (s): cpu = 00:00:30 ; elapsed = 00:00:31 . Memory (MB): peak = 557.047 ; gain = 205.598
---------------------------------------------------------------------------------
INFO: [Netlist 29-17] Analyzing 4252 Unisim elements for replacement
INFO: [Netlist 29-28] Unisim Transformation completed in 0 CPU seconds
INFO: [Device 21-403] Loading part xc7z020clg400-1
INFO: [Project 1-570] Preparing netlist for logic optimization

Processing XDC Constraints
Initializing timing engine
Completed Processing XDC Constraints

INFO: [Project 1-111] Unisim Transformation Summary:
No Unisim elements were transformed.

WARNING: [Constraints 18-5210] No constraint will be written out.
Constraint Validation Runtime : Time (s): cpu = 00:00:00 ; elapsed = 00:00:00.256 . Memory (MB): peak = 887.191 ; gain = 2.945
---------------------------------------------------------------------------------
Finished Constraint Validation : Time (s): cpu = 00:00:41 ; elapsed = 00:00:44 . Memory (MB): peak = 887.191 ; gain = 535.742
---------------------------------------------------------------------------------
---------------------------------------------------------------------------------
Start Loading Part and Timing Information
---------------------------------------------------------------------------------
Loading part: xc7z020clg400-1
---------------------------------------------------------------------------------
Finished Loading Part and Timing Information : Time (s): cpu = 00:00:41 ; elapsed = 00:00:44 . Memory (MB): peak = 887.191 ; gain = 535.742
---------------------------------------------------------------------------------
---------------------------------------------------------------------------------
Start Applying 'set_property' XDC Constraints
---------------------------------------------------------------------------------
---------------------------------------------------------------------------------
Finished applying 'set_property' XDC Constraints : Time (s): cpu = 00:00:41 ; elapsed = 00:00:44 . Memory (MB): peak = 887.191 ; gain = 535.742
---------------------------------------------------------------------------------
---------------------------------------------------------------------------------
Finished RTL Optimization Phase 2 : Time (s): cpu = 00:00:42 ; elapsed = 00:00:45 . Memory (MB): peak = 887.191 ; gain = 535.742
---------------------------------------------------------------------------------
INFO: [Synth 8-223] decloning instance 'U0/i_synth/i_synth/gen_cordic.output_stage/gen_rdy' (delay_bit) to 'U0/i_synth/i_synth/gen_cordic.output_stage/gen_rotation.gen_rdy_cr'

Report RTL Partitions: 
+-+--------------+------------+----------+
| |RTL Partition |Replication |Instances |
+-+--------------+------------+----------+
+-+--------------+------------+----------+
---------------------------------------------------------------------------------
Start RTL Component Statistics 
---------------------------------------------------------------------------------
---------------------------------------------------------------------------------
Finished RTL Component Statistics 
---------------------------------------------------------------------------------
---------------------------------------------------------------------------------
Start RTL Hierarchical Component Statistics 
---------------------------------------------------------------------------------
---------------------------------------------------------------------------------
Finished RTL Hierarchical Component Statistics
---------------------------------------------------------------------------------
---------------------------------------------------------------------------------
Start Part Resource Summary
---------------------------------------------------------------------------------
Part Resources:
DSPs: 220 (col length:60)
BRAMs: 280 (col length: RAMB18 60 RAMB36 30)
---------------------------------------------------------------------------------
Finished Part Resource Summary
---------------------------------------------------------------------------------
---------------------------------------------------------------------------------
Start Cross Boundary and Area Optimization
---------------------------------------------------------------------------------
Warning: Parallel synthesis criteria is not met 
---------------------------------------------------------------------------------
Finished Cross Boundary and Area Optimization : Time (s): cpu = 00:00:44 ; elapsed = 00:00:47 . Memory (MB): peak = 887.191 ; gain = 535.742
---------------------------------------------------------------------------------

Report RTL Partitions: 
+-+--------------+------------+----------+
| |RTL Partition |Replication |Instances |
+-+--------------+------------+----------+
+-+--------------+------------+----------+
---------------------------------------------------------------------------------
Start Applying XDC Timing Constraints
---------------------------------------------------------------------------------
---------------------------------------------------------------------------------
Finished Applying XDC Timing Constraints : Time (s): cpu = 00:00:51 ; elapsed = 00:00:55 . Memory (MB): peak = 887.191 ; gain = 535.742
---------------------------------------------------------------------------------
---------------------------------------------------------------------------------
Start Timing Optimization
---------------------------------------------------------------------------------
---------------------------------------------------------------------------------
Finished Timing Optimization : Time (s): cpu = 00:00:51 ; elapsed = 00:00:56 . Memory (MB): peak = 887.191 ; gain = 535.742
---------------------------------------------------------------------------------

Report RTL Partitions: 
+-+--------------+------------+----------+
| |RTL Partition |Replication |Instances |
+-+--------------+------------+----------+
+-+--------------+------------+----------+
---------------------------------------------------------------------------------
Start Technology Mapping
---------------------------------------------------------------------------------
---------------------------------------------------------------------------------
Finished Technology Mapping : Time (s): cpu = 00:00:52 ; elapsed = 00:00:56 . Memory (MB): peak = 887.191 ; gain = 535.742
---------------------------------------------------------------------------------

Report RTL Partitions: 
+-+--------------+------------+----------+
| |RTL Partition |Replication |Instances |
+-+--------------+------------+----------+
+-+--------------+------------+----------+
---------------------------------------------------------------------------------
Start IO Insertion
---------------------------------------------------------------------------------
---------------------------------------------------------------------------------
Start Flattening Before IO Insertion
---------------------------------------------------------------------------------
---------------------------------------------------------------------------------
Finished Flattening Before IO Insertion
---------------------------------------------------------------------------------
---------------------------------------------------------------------------------
Start Final Netlist Cleanup
---------------------------------------------------------------------------------
---------------------------------------------------------------------------------
Finished Final Netlist Cleanup
---------------------------------------------------------------------------------
---------------------------------------------------------------------------------
Finished IO Insertion : Time (s): cpu = 00:00:53 ; elapsed = 00:00:57 . Memory (MB): peak = 887.191 ; gain = 535.742
---------------------------------------------------------------------------------

Report Check Netlist: 
+------+------------------+-------+---------+-------+------------------+
|      |Item              |Errors |Warnings |Status |Description       |
+------+------------------+-------+---------+-------+------------------+
|1     |multi_driven_nets |      0|        0|Passed |Multi driven nets |
+------+------------------+-------+---------+-------+------------------+
---------------------------------------------------------------------------------
Start Renaming Generated Instances
---------------------------------------------------------------------------------
---------------------------------------------------------------------------------
Finished Renaming Generated Instances : Time (s): cpu = 00:00:53 ; elapsed = 00:00:57 . Memory (MB): peak = 887.191 ; gain = 535.742
---------------------------------------------------------------------------------

Report RTL Partitions: 
+-+--------------+------------+----------+
| |RTL Partition |Replication |Instances |
+-+--------------+------------+----------+
+-+--------------+------------+----------+
---------------------------------------------------------------------------------
Start Rebuilding User Hierarchy
---------------------------------------------------------------------------------
---------------------------------------------------------------------------------
Finished Rebuilding User Hierarchy : Time (s): cpu = 00:00:53 ; elapsed = 00:00:58 . Memory (MB): peak = 887.191 ; gain = 535.742
---------------------------------------------------------------------------------
---------------------------------------------------------------------------------
Start Renaming Generated Ports
---------------------------------------------------------------------------------
---------------------------------------------------------------------------------
Finished Renaming Generated Ports : Time (s): cpu = 00:00:59 ; elapsed = 00:01:03 . Memory (MB): peak = 887.191 ; gain = 535.742
---------------------------------------------------------------------------------
---------------------------------------------------------------------------------
Start Handling Custom Attributes
---------------------------------------------------------------------------------
---------------------------------------------------------------------------------
Finished Handling Custom Attributes : Time (s): cpu = 00:00:59 ; elapsed = 00:01:03 . Memory (MB): peak = 887.191 ; gain = 535.742
---------------------------------------------------------------------------------
---------------------------------------------------------------------------------
Start Renaming Generated Nets
---------------------------------------------------------------------------------
---------------------------------------------------------------------------------
Finished Renaming Generated Nets : Time (s): cpu = 00:00:59 ; elapsed = 00:01:03 . Memory (MB): peak = 887.191 ; gain = 535.742
---------------------------------------------------------------------------------
---------------------------------------------------------------------------------
Start Writing Synthesis Report
---------------------------------------------------------------------------------

Report BlackBoxes: 
+-+--------------+----------+
| |BlackBox name |Instances |
+-+--------------+----------+
+-+--------------+----------+

Report Cell Usage: 
+------+------+------+
|      |Cell  |Count |
+------+------+------+
|1     |LUT1  |   129|
|2     |LUT2  |   727|
|3     |LUT3  |   943|
|4     |LUT4  |    44|
|5     |MUXCY |  1934|
|6     |XORCY |  1891|
+------+------+------+
---------------------------------------------------------------------------------
Finished Writing Synthesis Report : Time (s): cpu = 00:00:59 ; elapsed = 00:01:03 . Memory (MB): peak = 887.191 ; gain = 535.742
---------------------------------------------------------------------------------
Synthesis finished with 0 errors, 0 critical warnings and 542 warnings.
Synthesis Optimization Runtime : Time (s): cpu = 00:00:20 ; elapsed = 00:00:53 . Memory (MB): peak = 887.191 ; gain = 205.598
Synthesis Optimization Complete : Time (s): cpu = 00:00:59 ; elapsed = 00:01:03 . Memory (MB): peak = 887.191 ; gain = 535.742
INFO: [Project 1-571] Translating synthesized netlist
INFO: [Netlist 29-17] Analyzing 3825 Unisim elements for replacement
INFO: [Netlist 29-28] Unisim Transformation completed in 0 CPU seconds
INFO: [Project 1-570] Preparing netlist for logic optimization
INFO: [Opt 31-138] Pushed 0 inverter(s) to 0 load pin(s).
INFO: [Project 1-111] Unisim Transformation Summary:
  A total of 583 instances were transformed.
  (MUXCY,XORCY) => CARRY4: 583 instances

INFO: [Common 17-83] Releasing license: Synthesis
18 Infos, 101 Warnings, 0 Critical Warnings and 0 Errors encountered.
synth_design completed successfully
synth_design: Time (s): cpu = 00:01:04 ; elapsed = 00:01:09 . Memory (MB): peak = 921.453 ; gain = 581.477
WARNING: [Constraints 18-5210] No constraint will be written out.
INFO: [Common 17-1381] The checkpoint 'E:/vivadoPrj/2018.2/NCSSK/NCSSK.runs/cordic_0_synth_1/cordic_0.dcp' has been generated.
